\BOOKMARK [0][-]{Doc-Start}{\376\377\000H\000A\000L\000A\000M\000A\000N\000\040\000S\000A\000M\000P\000U\000L}{}% 1
\BOOKMARK [0][-]{Doc-Start}{\376\377\000L\000E\000M\000B\000A\000R\000\040\000P\000E\000R\000S\000E\000T\000U\000J\000U\000A\000N}{}% 2
\BOOKMARK [0][-]{section*.1}{\376\377\000D\000A\000F\000T\000A\000R\000\040\000I\000S\000I}{}% 3
\BOOKMARK [0][-]{section*.2}{\376\377\000D\000A\000F\000T\000A\000R\000\040\000S\000I\000N\000G\000K\000A\000T\000A\000N}{}% 4
\BOOKMARK [0][-]{section*.4}{\376\377\000D\000A\000F\000T\000A\000R\000\040\000G\000A\000M\000B\000A\000R}{}% 5
\BOOKMARK [0][-]{section*.5}{\376\377\000D\000A\000F\000T\000A\000R\000\040\000T\000A\000B\000E\000L}{}% 6
\BOOKMARK [0][-]{chapter.1}{\376\377\000P\000E\000N\000D\000A\000H\000U\000L\000U\000A\000N}{}% 7
\BOOKMARK [1][-]{section.1.1}{\376\377\000L\000a\000t\000a\000r\000\040\000B\000e\000l\000a\000k\000a\000n\000g\000\040\000M\000a\000s\000a\000l\000a\000h}{chapter.1}% 8
\BOOKMARK [1][-]{section.1.2}{\376\377\000I\000d\000e\000n\000t\000i\000f\000i\000k\000a\000s\000i\000\040\000M\000a\000s\000a\000l\000a\000h}{chapter.1}% 9
\BOOKMARK [1][-]{section.1.3}{\376\377\000B\000a\000t\000a\000s\000a\000n\000\040\000M\000a\000s\000a\000l\000a\000h}{chapter.1}% 10
\BOOKMARK [1][-]{section.1.4}{\376\377\000R\000u\000m\000u\000s\000a\000n\000\040\000M\000a\000s\000a\000l\000a\000h}{chapter.1}% 11
\BOOKMARK [1][-]{section.1.5}{\376\377\000T\000u\000j\000u\000a\000n}{chapter.1}% 12
\BOOKMARK [1][-]{section.1.6}{\376\377\000M\000a\000n\000f\000a\000a\000t}{chapter.1}% 13
\BOOKMARK [2][-]{subsection.1.6.1}{\376\377\000M\000a\000h\000a\000s\000i\000s\000w\000a}{section.1.6}% 14
\BOOKMARK [2][-]{subsection.1.6.2}{\376\377\000I\000P\000T\000E\000K}{section.1.6}% 15
\BOOKMARK [1][-]{section.1.7}{\376\377\000K\000e\000a\000s\000l\000i\000a\000n\000\040\000G\000a\000g\000a\000s\000a\000n}{chapter.1}% 16
\BOOKMARK [0][-]{chapter.2}{\376\377\000P\000E\000N\000D\000E\000K\000A\000T\000A\000N\000\040\000P\000E\000M\000E\000C\000A\000H\000A\000N\000\040\000M\000A\000S\000A\000L\000A\000H}{}% 17
\BOOKMARK [1][-]{section.2.1}{\376\377\000Q\000u\000a\000d\000c\000o\000p\000t\000e\000r}{chapter.2}% 18
\BOOKMARK [2][-]{subsection.2.1.1}{\376\377\000F\000l\000i\000g\000h\000t\000\040\000C\000o\000n\000t\000r\000o\000l\000l\000e\000r\000\050\000F\000C\000\051}{section.2.1}% 19
\BOOKMARK [2][-]{subsection.2.1.2}{\376\377\000M\000o\000t\000o\000r\000\040\000B\000r\000u\000s\000h\000l\000e\000s\000s}{section.2.1}% 20
\BOOKMARK [2][-]{subsection.2.1.3}{\376\377\000E\000l\000e\000c\000t\000r\000o\000n\000i\000c\000\040\000S\000p\000e\000e\000d\000\040\000C\000o\000n\000t\000r\000o\000l\000l\000e\000r\000\040\000\050\000E\000S\000C\000\051}{section.2.1}% 21
\BOOKMARK [2][-]{subsection.2.1.4}{\376\377\000P\000r\000o\000p\000e\000l\000l\000e\000r}{section.2.1}% 22
\BOOKMARK [2][-]{subsection.2.1.5}{\376\377\000T\000e\000l\000e\000m\000e\000t\000r\000y\000\040\0004\0003\0003\000\040\000M\000H\000z}{section.2.1}% 23
\BOOKMARK [2][-]{subsection.2.1.6}{\376\377\000R\000a\000d\000i\000o\000\040\000C\000o\000n\000t\000r\000o\000l}{section.2.1}% 24
\BOOKMARK [2][-]{subsection.2.1.7}{\376\377\000F\000r\000a\000m\000e\000\040\000Q\000u\000a\000d\000c\000o\000p\000t\000e\000r}{section.2.1}% 25
\BOOKMARK [2][-]{subsection.2.1.8}{\376\377\000G\000l\000o\000b\000a\000l\000\040\000P\000o\000s\000i\000t\000i\000o\000n\000i\000n\000g\000\040\000S\000y\000s\000t\000e\000m\000\050\000G\000P\000S\000\051}{section.2.1}% 26
\BOOKMARK [2][-]{subsection.2.1.9}{\376\377\000K\000a\000m\000e\000r\000a}{section.2.1}% 27
\BOOKMARK [2][-]{subsection.2.1.10}{\376\377\000B\000a\000t\000e\000r\000a\000i\000\040\000L\000i\000p\000o}{section.2.1}% 28
\BOOKMARK [2][-]{subsection.2.1.11}{\376\377\000V\000i\000d\000e\000o\000\040\000T\000r\000a\000n\000s\000m\000i\000t\000t\000e\000r}{section.2.1}% 29
\BOOKMARK [2][-]{subsection.2.1.12}{\376\377\000R\000e\000c\000e\000i\000v\000e\000r}{section.2.1}% 30
\BOOKMARK [1][-]{section.2.2}{\376\377\000P\000r\000i\000n\000s\000i\000p\000\040\000G\000e\000r\000a\000k\000\040\000Q\000u\000a\000d\000c\000o\000p\000t\000e\000r}{chapter.2}% 31
\BOOKMARK [2][-]{subsection.2.2.1}{\376\377\000T\000h\000r\000o\000t\000t\000l\000e}{section.2.2}% 32
\BOOKMARK [2][-]{subsection.2.2.2}{\376\377\000P\000i\000t\000c\000h}{section.2.2}% 33
\BOOKMARK [2][-]{subsection.2.2.3}{\376\377\000Y\000a\000w}{section.2.2}% 34
\BOOKMARK [2][-]{subsection.2.2.4}{\376\377\000R\000o\000l\000l}{section.2.2}% 35
\BOOKMARK [1][-]{section.2.3}{\376\377\000O\000p\000e\000n\000\040\000C\000V}{chapter.2}% 36
\BOOKMARK [1][-]{section.2.4}{\376\377\000C\000o\000m\000p\000u\000t\000e\000r\000\040\000V\000i\000s\000i\000o\000n}{chapter.2}% 37
\BOOKMARK [2][-]{subsection.2.4.1}{\376\377\000O\000b\000j\000e\000c\000t\000\040\000D\000e\000t\000e\000c\000t\000i\000o\000n}{section.2.4}% 38
\BOOKMARK [2][-]{subsection.2.4.2}{\376\377\000I\000m\000a\000g\000e\000\040\000P\000r\000o\000c\000e\000s\000s\000i\000n\000g}{section.2.4}% 39
\BOOKMARK [1][-]{section.2.5}{\376\377\000P\000I\000D\000\040\000C\000o\000n\000t\000r\000o\000l\000l\000e\000r}{chapter.2}% 40
\BOOKMARK [1][-]{section.2.6}{\376\377\000P\000y\000t\000h\000o\000n}{chapter.2}% 41
\BOOKMARK [1][-]{section.2.7}{\376\377\000M\000i\000s\000s\000i\000o\000n\000\040\000P\000l\000a\000n\000n\000e\000r}{chapter.2}% 42
\BOOKMARK [0][-]{chapter.3}{\376\377\000K\000O\000N\000S\000E\000P\000\040\000R\000A\000N\000C\000A\000N\000G\000A\000N\000\040\000/\000\040\000P\000R\000O\000D\000U\000K\000\040\000/\000\040\000J\000A\000S\000A\000\040\000/\000\040\000E\000V\000A\000L\000U\000A\000S\000I\000\040\000/\000\040\000P\000E\000N\000G\000U\000J\000I\000A\000N}{}% 43
\BOOKMARK [1][-]{section.3.1}{\376\377\000W\000a\000k\000t\000u\000\040\000d\000a\000n\000\040\000T\000e\000m\000p\000a\000t}{chapter.3}% 44
\BOOKMARK [1][-]{section.3.2}{\376\377\000M\000o\000d\000e\000l\000\040\000P\000e\000n\000e\000l\000i\000t\000i\000a\000n}{chapter.3}% 45
\BOOKMARK [2][-]{subsection.3.2.1}{\376\377\000A\000n\000a\000l\000y\000s\000i\000s}{section.3.2}% 46
\BOOKMARK [2][-]{subsection.3.2.2}{\376\377\000D\000e\000s\000i\000g\000n}{section.3.2}% 47
\BOOKMARK [2][-]{subsection.3.2.3}{\376\377\000D\000e\000v\000e\000l\000o\000p\000m\000e\000n\000t}{section.3.2}% 48
\BOOKMARK [2][-]{subsection.3.2.4}{\376\377\000I\000m\000p\000l\000e\000m\000e\000n\000t\000a\000t\000i\000o\000n}{section.3.2}% 49
\BOOKMARK [2][-]{subsection.3.2.5}{\376\377\000E\000v\000a\000l\000u\000a\000t\000i\000o\000n}{section.3.2}% 50
\BOOKMARK [1][-]{section.3.3}{\376\377\000A\000n\000a\000l\000i\000s\000i\000s\000\040\000K\000e\000b\000u\000t\000u\000h\000a\000n}{chapter.3}% 51
\BOOKMARK [2][-]{subsection.3.3.1}{\376\377\000H\000a\000r\000d\000w\000a\000r\000e}{section.3.3}% 52
\BOOKMARK [2][-]{subsection.3.3.2}{\376\377\000S\000o\000f\000t\000w\000a\000r\000e}{section.3.3}% 53
\BOOKMARK [2][-]{subsection.3.3.3}{\376\377\000E\000l\000e\000k\000t\000r\000o\000n\000i\000k}{section.3.3}% 54
\BOOKMARK [1][-]{section.3.4}{\376\377\000R\000a\000n\000c\000a\000n\000g\000\040\000P\000e\000n\000g\000e\000m\000b\000a\000n\000g\000a\000n\000\040\000S\000i\000s\000t\000e\000m}{chapter.3}% 55
\BOOKMARK [2][-]{subsection.3.4.1}{\376\377\000D\000e\000s\000a\000i\000n\000\040\000M\000e\000k\000a\000n\000i\000k}{section.3.4}% 56
\BOOKMARK [2][-]{subsection.3.4.2}{\376\377\000D\000e\000s\000a\000i\000n\000\040\000E\000l\000e\000k\000t\000r\000i\000k\000a\000l\000\040\000P\000e\000n\000d\000e\000t\000e\000k\000s\000i\000a\000n}{section.3.4}% 57
\BOOKMARK [2][-]{subsection.3.4.3}{\376\377\000P\000e\000r\000a\000n\000c\000a\000n\000g\000a\000n\000\040\000S\000i\000s\000t\000e\000m\000\040\000D\000e\000t\000e\000k\000s\000i\000\040\000L\000a\000n\000d\000i\000n\000g\000\040\000P\000a\000d}{section.3.4}% 58
\BOOKMARK [2][-]{subsection.3.4.4}{\376\377\000I\000m\000p\000l\000e\000m\000e\000n\000t\000a\000s\000i\000\040\000M\000e\000t\000o\000d\000e\000\040\000Y\000O\000L\000O}{section.3.4}% 59
\BOOKMARK [1][-]{section.3.5}{\376\377\000R\000a\000n\000c\000a\000n\000g\000\040\000U\000j\000i\000\040\000F\000u\000n\000g\000s\000i}{chapter.3}% 60
\BOOKMARK [2][-]{subsection.3.5.1}{\376\377\000U\000j\000i\000\040\000E\000l\000e\000k\000t\000r\000o\000n\000i\000k}{section.3.5}% 61
\BOOKMARK [2][-]{subsection.3.5.2}{\376\377\000U\000j\000i\000\040\000S\000o\000f\000t\000w\000a\000r\000e}{section.3.5}% 62
\BOOKMARK [1][-]{section.3.6}{\376\377\000P\000e\000n\000g\000u\000j\000i\000a\000n\000\040\000D\000e\000t\000e\000k\000s\000i\000\040\000L\000a\000n\000d\000i\000n\000g\000\040\000P\000a\000d}{chapter.3}% 63
\BOOKMARK [0][-]{section*.36}{\376\377\000D\000A\000F\000T\000A\000R\000\040\000P\000U\000S\000T\000A\000K\000A}{}% 64
