This is pdfTeX, Version 3.141592653-2.6-1.40.25 (MiKTeX 23.10.12) (preloaded format=pdflatex 2023.11.29)  22 JUN 2024 20:38
entering extended mode
 restricted \write18 enabled.
 %&-line parsing enabled.
**./proposal.tex
(proposal.tex
LaTeX2e <2022-11-01> patch level 1
L3 programming layer <2023-03-30>
(C:\Users\ACER\AppData\Local\Programs\MiKTeX\tex/latex/base\report.cls
Document Class: report 2022/07/02 v1.4n Standard LaTeX document class
(C:\Users\ACER\AppData\Local\Programs\MiKTeX\tex/latex/base\size12.clo
File: size12.clo 2022/07/02 v1.4n Standard LaTeX file (size option)
)
\c@part=\count185
\c@chapter=\count186
\c@section=\count187
\c@subsection=\count188
\c@subsubsection=\count189
\c@paragraph=\count190
\c@subparagraph=\count191
\c@figure=\count192
\c@table=\count193
\abovecaptionskip=\skip48
\belowcaptionskip=\skip49
\bibindent=\dimen140
)
(a0-identitas.tex) (untouch/xx-preambles.tex
(C:\Users\ACER\AppData\Local\Programs\MiKTeX\tex/generic/babel\babel.sty
Package: babel 2023/03/28 3.87 The Babel package
\babel@savecnt=\count194
\U@D=\dimen141
\l@unhyphenated=\language79

(C:\Users\ACER\AppData\Local\Programs\MiKTeX\tex/generic/babel\txtbabel.def)
\bbl@readstream=\read2
\bbl@dirlevel=\count195

*************************************
* Local config file bblopts.cfg used
*
(C:\Users\ACER\AppData\Local\Programs\MiKTeX\tex/latex/arabi\bblopts.cfg
File: bblopts.cfg 2005/09/08 v0.1 add Arabic and Farsi to "declared" options of
 babel
)
(C:\Users\ACER\AppData\Local\Programs\MiKTeX\tex/latex/babel-indonesian\indones
ian.ldf
Language: indonesian 2017/02/15 v1.0m Bahasa Indonesia support from the babel s
ystem
))
(C:\Users\ACER\AppData\Local\Programs\MiKTeX\tex/generic/babel/locale/id\babel-
indonesian.tex
Package babel Info: Importing font and identification data for indonesian
(babel)             from babel-id.ini. Reported on input line 11.
)
(C:\Users\ACER\AppData\Local\Programs\MiKTeX\tex/latex/base\inputenc.sty
Package: inputenc 2021/02/14 v1.3d Input encoding file
\inpenc@prehook=\toks16
\inpenc@posthook=\toks17
)
(C:\Users\ACER\AppData\Local\Programs\MiKTeX\tex/latex/setspace\setspace.sty
Package: setspace 2022/12/04 v6.7b set line spacing
)
(C:\Users\ACER\AppData\Local\Programs\MiKTeX\tex/latex/ragged2e\ragged2e.sty
Package: ragged2e 2023/04/04 v3.5 ragged2e Package
\CenteringLeftskip=\skip50
\RaggedLeftLeftskip=\skip51
\RaggedRightLeftskip=\skip52
\CenteringRightskip=\skip53
\RaggedLeftRightskip=\skip54
\RaggedRightRightskip=\skip55
\CenteringParfillskip=\skip56
\RaggedLeftParfillskip=\skip57
\RaggedRightParfillskip=\skip58
\JustifyingParfillskip=\skip59
\CenteringParindent=\skip60
\RaggedLeftParindent=\skip61
\RaggedRightParindent=\skip62
\JustifyingParindent=\skip63
)
(C:\Users\ACER\AppData\Local\Programs\MiKTeX\tex/latex/graphics\graphicx.sty
Package: graphicx 2021/09/16 v1.2d Enhanced LaTeX Graphics (DPC,SPQR)

(C:\Users\ACER\AppData\Local\Programs\MiKTeX\tex/latex/graphics\keyval.sty
Package: keyval 2022/05/29 v1.15 key=value parser (DPC)
\KV@toks@=\toks18
)
(C:\Users\ACER\AppData\Local\Programs\MiKTeX\tex/latex/graphics\graphics.sty
Package: graphics 2022/03/10 v1.4e Standard LaTeX Graphics (DPC,SPQR)

(C:\Users\ACER\AppData\Local\Programs\MiKTeX\tex/latex/graphics\trig.sty
Package: trig 2021/08/11 v1.11 sin cos tan (DPC)
)
(C:\Users\ACER\AppData\Local\Programs\MiKTeX\tex/latex/graphics-cfg\graphics.cf
g
File: graphics.cfg 2016/06/04 v1.11 sample graphics configuration
)
Package graphics Info: Driver file: pdftex.def on input line 107.

(C:\Users\ACER\AppData\Local\Programs\MiKTeX\tex/latex/graphics-def\pdftex.def
File: pdftex.def 2022/09/22 v1.2b Graphics/color driver for pdftex
))
\Gin@req@height=\dimen142
\Gin@req@width=\dimen143
) (C:\Users\ACER\AppData\Local\Programs\MiKTeX\tex/latex/float\float.sty
Package: float 2001/11/08 v1.3d Float enhancements (AL)
\c@float@type=\count196
\float@exts=\toks19
\float@box=\box51
\@float@everytoks=\toks20
\@floatcapt=\box52
)
(C:\Users\ACER\AppData\Local\Programs\MiKTeX\tex/latex/tools\indentfirst.sty
Package: indentfirst 1995/11/23 v1.03 Indent first paragraph (DPC)
)
(C:\Users\ACER\AppData\Local\Programs\MiKTeX\tex/latex/pslatex\pslatex.sty
Package: pslatex 2021/01/13 v1.3 pslatex emulation (DPC)
LaTeX Font Info:    Redeclaring symbol font `operators' on input line 66.
LaTeX Font Info:    Overwriting symbol font `operators' in version `normal'
(Font)                  OT1/cmr/m/n --> OT1/ptmcm/m/n on input line 66.
LaTeX Font Info:    Overwriting symbol font `operators' in version `bold'
(Font)                  OT1/cmr/bx/n --> OT1/ptmcm/m/n on input line 66.
LaTeX Font Info:    Redeclaring symbol font `letters' on input line 67.
LaTeX Font Info:    Overwriting symbol font `letters' in version `normal'
(Font)                  OML/cmm/m/it --> OML/ptmcm/m/it on input line 67.
LaTeX Font Info:    Overwriting symbol font `letters' in version `bold'
(Font)                  OML/cmm/b/it --> OML/ptmcm/m/it on input line 67.
LaTeX Font Info:    Redeclaring symbol font `symbols' on input line 68.
LaTeX Font Info:    Overwriting symbol font `symbols' in version `normal'
(Font)                  OMS/cmsy/m/n --> OMS/pzccm/m/n on input line 68.
LaTeX Font Info:    Overwriting symbol font `symbols' in version `bold'
(Font)                  OMS/cmsy/b/n --> OMS/pzccm/m/n on input line 68.
LaTeX Font Info:    Redeclaring symbol font `largesymbols' on input line 69.
LaTeX Font Info:    Overwriting symbol font `largesymbols' in version `normal'
(Font)                  OMX/cmex/m/n --> OMX/psycm/m/n on input line 69.
LaTeX Font Info:    Overwriting symbol font `largesymbols' in version `bold'
(Font)                  OMX/cmex/m/n --> OMX/psycm/m/n on input line 69.
\symbold=\mathgroup4
\symitalic=\mathgroup5
LaTeX Font Info:    Redeclaring math alphabet \mathbf on input line 75.
LaTeX Font Info:    Overwriting math alphabet `\mathbf' in version `normal'
(Font)                  OT1/cmr/bx/n --> OT1/ptm/bx/n on input line 75.
LaTeX Font Info:    Overwriting math alphabet `\mathbf' in version `bold'
(Font)                  OT1/cmr/bx/n --> OT1/ptm/bx/n on input line 75.
LaTeX Font Info:    Redeclaring math alphabet \mathit on input line 76.
LaTeX Font Info:    Overwriting math alphabet `\mathit' in version `normal'
(Font)                  OT1/cmr/m/it --> OT1/ptm/m/it on input line 76.
LaTeX Font Info:    Overwriting math alphabet `\mathit' in version `bold'
(Font)                  OT1/cmr/bx/it --> OT1/ptm/m/it on input line 76.
)
(C:\Users\ACER\AppData\Local\Programs\MiKTeX\tex/latex/tocloft\tocloft.sty
Package: tocloft 2017/08/31 v2.3i parameterised ToC, etc., typesetting
Package tocloft Info: The document has chapter divisions on input line 51.
\cftparskip=\skip64
\cftbeforetoctitleskip=\skip65
\cftaftertoctitleskip=\skip66
\cftbeforepartskip=\skip67
\cftpartnumwidth=\skip68
\cftpartindent=\skip69
\cftbeforechapskip=\skip70
\cftchapindent=\skip71
\cftchapnumwidth=\skip72
\cftbeforesecskip=\skip73
\cftsecindent=\skip74
\cftsecnumwidth=\skip75
\cftbeforesubsecskip=\skip76
\cftsubsecindent=\skip77
\cftsubsecnumwidth=\skip78
\cftbeforesubsubsecskip=\skip79
\cftsubsubsecindent=\skip80
\cftsubsubsecnumwidth=\skip81
\cftbeforeparaskip=\skip82
\cftparaindent=\skip83
\cftparanumwidth=\skip84
\cftbeforesubparaskip=\skip85
\cftsubparaindent=\skip86
\cftsubparanumwidth=\skip87
\cftbeforeloftitleskip=\skip88
\cftafterloftitleskip=\skip89
\cftbeforefigskip=\skip90
\cftfigindent=\skip91
\cftfignumwidth=\skip92
\c@lofdepth=\count197
\c@lotdepth=\count198
\cftbeforelottitleskip=\skip93
\cftafterlottitleskip=\skip94
\cftbeforetabskip=\skip95
\cfttabindent=\skip96
\cfttabnumwidth=\skip97
)
\mylen=\skip98
LaTeX Font Info:    Font shape `OT1/ptm/bx/n' in size <12> not available
(Font)              Font shape `OT1/ptm/b/n' tried instead on input line 43.

(C:\Users\ACER\AppData\Local\Programs\MiKTeX\tex/latex/sectsty\sectsty.sty
Package: sectsty 2002/02/25 v2.0.2 Commands to change all sectional heading sty
les


LaTeX Warning: Command \underbar  has changed.
               Check if current package is valid.


LaTeX Warning: Command \underline  has changed.
               Check if current package is valid.

) (C:\Users\ACER\AppData\Local\Programs\MiKTeX\tex/latex/titlesec\titlesec.sty
Package: titlesec 2023/10/27 v2.16 Sectioning titles
\ttl@box=\box53
\beforetitleunit=\skip99
\aftertitleunit=\skip100
\ttl@plus=\dimen144
\ttl@minus=\dimen145
\ttl@toksa=\toks21
\titlewidth=\dimen146
\titlewidthlast=\dimen147
\titlewidthfirst=\dimen148
) (C:\Users\ACER\AppData\Local\Programs\MiKTeX\tex/latex/caption\caption.sty
Package: caption 2023/08/05 v3.6o Customizing captions (AR)

(C:\Users\ACER\AppData\Local\Programs\MiKTeX\tex/latex/caption\caption3.sty
Package: caption3 2023/07/31 v2.4d caption3 kernel (AR)
\caption@tempdima=\dimen149
\captionmargin=\dimen150
\caption@leftmargin=\dimen151
\caption@rightmargin=\dimen152
\caption@width=\dimen153
\caption@indent=\dimen154
\caption@parindent=\dimen155
\caption@hangindent=\dimen156
Package caption Info: Standard document class detected.
)
\c@caption@flags=\count199
\c@continuedfloat=\count266
Package caption Info: float package is loaded.
)
(C:\Users\ACER\AppData\Local\Programs\MiKTeX\tex/latex/caption\subcaption.sty
Package: subcaption 2023/07/28 v1.6b Sub-captions (AR)
Package caption Info: New subtype `subfigure' on input line 238.
\c@subfigure=\count267
Package caption Info: New subtype `subtable' on input line 238.
\c@subtable=\count268
)
(C:\Users\ACER\AppData\Local\Programs\MiKTeX\tex/latex/tools\tabularx.sty
Package: tabularx 2020/01/15 v2.11c `tabularx' package (DPC)

(C:\Users\ACER\AppData\Local\Programs\MiKTeX\tex/latex/tools\array.sty
Package: array 2022/09/04 v2.5g Tabular extension package (FMi)
\col@sep=\dimen157
\ar@mcellbox=\box54
\extrarowheight=\dimen158
\NC@list=\toks22
\extratabsurround=\skip101
\backup@length=\skip102
\ar@cellbox=\box55
)
\TX@col@width=\dimen159
\TX@old@table=\dimen160
\TX@old@col=\dimen161
\TX@target=\dimen162
\TX@delta=\dimen163
\TX@cols=\count269
\TX@ftn=\toks23
)
(C:\Users\ACER\AppData\Local\Programs\MiKTeX\tex/latex/multirow\multirow.sty
Package: multirow 2021/03/15 v2.8 Span multiple rows of a table
\multirow@colwidth=\skip103
\multirow@cntb=\count270
\multirow@dima=\skip104
\bigstrutjot=\dimen164
)
(C:\Users\ACER\AppData\Local\Programs\MiKTeX\tex/latex/geometry\geometry.sty
Package: geometry 2020/01/02 v5.9 Page Geometry

(C:\Users\ACER\AppData\Local\Programs\MiKTeX\tex/generic/iftex\ifvtex.sty
Package: ifvtex 2019/10/25 v1.7 ifvtex legacy package. Use iftex instead.

(C:\Users\ACER\AppData\Local\Programs\MiKTeX\tex/generic/iftex\iftex.sty
Package: iftex 2022/02/03 v1.0f TeX engine tests
))
\Gm@cnth=\count271
\Gm@cntv=\count272
\c@Gm@tempcnt=\count273
\Gm@bindingoffset=\dimen165
\Gm@wd@mp=\dimen166
\Gm@odd@mp=\dimen167
\Gm@even@mp=\dimen168
\Gm@layoutwidth=\dimen169
\Gm@layoutheight=\dimen170
\Gm@layouthoffset=\dimen171
\Gm@layoutvoffset=\dimen172
\Gm@dimlist=\toks24

(C:\Users\ACER\AppData\Local\Programs\MiKTeX\tex/latex/geometry\geometry.cfg))
(C:\Users\ACER\AppData\Local\Programs\MiKTeX\tex/latex/amsmath\amsmath.sty
Package: amsmath 2022/04/08 v2.17n AMS math features
\@mathmargin=\skip105

For additional information on amsmath, use the `?' option.
(C:\Users\ACER\AppData\Local\Programs\MiKTeX\tex/latex/amsmath\amstext.sty
Package: amstext 2021/08/26 v2.01 AMS text

(C:\Users\ACER\AppData\Local\Programs\MiKTeX\tex/latex/amsmath\amsgen.sty
File: amsgen.sty 1999/11/30 v2.0 generic functions
\@emptytoks=\toks25
\ex@=\dimen173
))
(C:\Users\ACER\AppData\Local\Programs\MiKTeX\tex/latex/amsmath\amsbsy.sty
Package: amsbsy 1999/11/29 v1.2d Bold Symbols
\pmbraise@=\dimen174
)
(C:\Users\ACER\AppData\Local\Programs\MiKTeX\tex/latex/amsmath\amsopn.sty
Package: amsopn 2022/04/08 v2.04 operator names
)
\inf@bad=\count274
LaTeX Info: Redefining \frac on input line 234.
\uproot@=\count275
\leftroot@=\count276
LaTeX Info: Redefining \overline on input line 399.
LaTeX Info: Redefining \colon on input line 410.
\classnum@=\count277
\DOTSCASE@=\count278
LaTeX Info: Redefining \ldots on input line 496.
LaTeX Info: Redefining \dots on input line 499.
LaTeX Info: Redefining \cdots on input line 620.
\Mathstrutbox@=\box56
\strutbox@=\box57
LaTeX Info: Redefining \big on input line 722.
LaTeX Info: Redefining \Big on input line 723.
LaTeX Info: Redefining \bigg on input line 724.
LaTeX Info: Redefining \Bigg on input line 725.
\big@size=\dimen175
LaTeX Font Info:    Redeclaring font encoding OML on input line 743.
LaTeX Font Info:    Redeclaring font encoding OMS on input line 744.
\macc@depth=\count279
LaTeX Info: Redefining \bmod on input line 905.
LaTeX Info: Redefining \pmod on input line 910.
LaTeX Info: Redefining \smash on input line 940.
LaTeX Info: Redefining \relbar on input line 970.
LaTeX Info: Redefining \Relbar on input line 971.
\c@MaxMatrixCols=\count280
\dotsspace@=\muskip16
\c@parentequation=\count281
\dspbrk@lvl=\count282
\tag@help=\toks26
\row@=\count283
\column@=\count284
\maxfields@=\count285
\andhelp@=\toks27
\eqnshift@=\dimen176
\alignsep@=\dimen177
\tagshift@=\dimen178
\tagwidth@=\dimen179
\totwidth@=\dimen180
\lineht@=\dimen181
\@envbody=\toks28
\multlinegap=\skip106
\multlinetaggap=\skip107
\mathdisplay@stack=\toks29
LaTeX Info: Redefining \[ on input line 2953.
LaTeX Info: Redefining \] on input line 2954.
)
(C:\Users\ACER\AppData\Local\Programs\MiKTeX\tex/latex/graphics\rotating.sty
Package: rotating 2016/08/11 v2.16d rotated objects in LaTeX

(C:\Users\ACER\AppData\Local\Programs\MiKTeX\tex/latex/base\ifthen.sty
Package: ifthen 2022/04/13 v1.1d Standard LaTeX ifthen package (DPC)
)
\c@r@tfl@t=\count286
\rotFPtop=\skip108
\rotFPbot=\skip109
\rot@float@box=\box58
\rot@mess@toks=\toks30
)
(C:\Users\ACER\AppData\Local\Programs\MiKTeX\tex/latex/enumitem\enumitem.sty
Package: enumitem 2019/06/20 v3.9 Customized lists
\labelindent=\skip110
\enit@outerparindent=\dimen182
\enit@toks=\toks31
\enit@inbox=\box59
\enit@count@id=\count287
\enitdp@description=\count288
)
(C:\Users\ACER\AppData\Local\Programs\MiKTeX\tex/latex/cite\cite.sty
LaTeX Info: Redefining \cite on input line 302.
LaTeX Info: Redefining \nocite on input line 332.
Package: cite 2015/02/27  v 5.5
)
(C:\Users\ACER\AppData\Local\Programs\MiKTeX\tex/latex/natbib\natbib.sty
Package: natbib 2010/09/13 8.31b (PWD, AO)


Package natbib Warning: The `cite' package should not be used
(natbib)                with natbib. Use option `sort' instead.

\bibhang=\skip111
\bibsep=\skip112
LaTeX Info: Redefining \cite on input line 694.
LaTeX Info: Redefining \citenum on input line 708.
\c@NAT@ctr=\count289
) (C:\Users\ACER\AppData\Local\Programs\MiKTeX\tex/latex/listings\listings.sty
\lst@mode=\count290
\lst@gtempboxa=\box60
\lst@token=\toks32
\lst@length=\count291
\lst@currlwidth=\dimen183
\lst@column=\count292
\lst@pos=\count293
\lst@lostspace=\dimen184
\lst@width=\dimen185
\lst@newlines=\count294
\lst@lineno=\count295
\lst@maxwidth=\dimen186

(C:\Users\ACER\AppData\Local\Programs\MiKTeX\tex/latex/listings\lstmisc.sty
File: lstmisc.sty 2023/02/27 1.9 (Carsten Heinz)
\c@lstnumber=\count296
\lst@skipnumbers=\count297
\lst@framebox=\box61
)
(C:\Users\ACER\AppData\Local\Programs\MiKTeX\tex/latex/listings\listings.cfg
File: listings.cfg 2023/02/27 1.9 listings configuration
))
Package: listings 2023/02/27 1.9 (Carsten Heinz)

(C:\Users\ACER\AppData\Local\Programs\MiKTeX\tex/latex/xcolor\xcolor.sty
Package: xcolor 2022/06/12 v2.14 LaTeX color extensions (UK)

(C:\Users\ACER\AppData\Local\Programs\MiKTeX\tex/latex/graphics-cfg\color.cfg
File: color.cfg 2016/01/02 v1.6 sample color configuration
)
Package xcolor Info: Driver file: pdftex.def on input line 227.

(C:\Users\ACER\AppData\Local\Programs\MiKTeX\tex/latex/graphics\mathcolor.ltx)
Package xcolor Info: Model `cmy' substituted by `cmy0' on input line 1353.
Package xcolor Info: Model `hsb' substituted by `rgb' on input line 1357.
Package xcolor Info: Model `RGB' extended on input line 1369.
Package xcolor Info: Model `HTML' substituted by `rgb' on input line 1371.
Package xcolor Info: Model `Hsb' substituted by `hsb' on input line 1372.
Package xcolor Info: Model `tHsb' substituted by `hsb' on input line 1373.
Package xcolor Info: Model `HSB' substituted by `hsb' on input line 1374.
Package xcolor Info: Model `Gray' substituted by `gray' on input line 1375.
Package xcolor Info: Model `wave' substituted by `hsb' on input line 1376.
) (C:\Users\ACER\AppData\Local\Programs\MiKTeX\tex/latex/tools\longtable.sty
Package: longtable 2021-09-01 v4.17 Multi-page Table package (DPC)
\LTleft=\skip113
\LTright=\skip114
\LTpre=\skip115
\LTpost=\skip116
\LTchunksize=\count298
\LTcapwidth=\dimen187
\LT@head=\box62
\LT@firsthead=\box63
\LT@foot=\box64
\LT@lastfoot=\box65
\LT@gbox=\box66
\LT@cols=\count299
\LT@rows=\count300
\c@LT@tables=\count301
\c@LT@chunks=\count302
\LT@p@ftn=\toks33
)
(C:\Users\ACER\AppData\Local\Programs\MiKTeX\tex/latex/hyperref\hyperref.sty
Package: hyperref 2023-02-07 v7.00v Hypertext links for LaTeX

(C:\Users\ACER\AppData\Local\Programs\MiKTeX\tex/generic/ltxcmds\ltxcmds.sty
Package: ltxcmds 2020-05-10 v1.25 LaTeX kernel commands for general use (HO)
)
(C:\Users\ACER\AppData\Local\Programs\MiKTeX\tex/generic/pdftexcmds\pdftexcmds.
sty
Package: pdftexcmds 2020-06-27 v0.33 Utility functions of pdfTeX for LuaTeX (HO
)

(C:\Users\ACER\AppData\Local\Programs\MiKTeX\tex/generic/infwarerr\infwarerr.st
y
Package: infwarerr 2019/12/03 v1.5 Providing info/warning/error messages (HO)
)
Package pdftexcmds Info: \pdf@primitive is available.
Package pdftexcmds Info: \pdf@ifprimitive is available.
Package pdftexcmds Info: \pdfdraftmode found.
)
(C:\Users\ACER\AppData\Local\Programs\MiKTeX\tex/latex/kvsetkeys\kvsetkeys.sty
Package: kvsetkeys 2022-10-05 v1.19 Key value parser (HO)
)
(C:\Users\ACER\AppData\Local\Programs\MiKTeX\tex/generic/kvdefinekeys\kvdefinek
eys.sty
Package: kvdefinekeys 2019-12-19 v1.6 Define keys (HO)
)
(C:\Users\ACER\AppData\Local\Programs\MiKTeX\tex/generic/pdfescape\pdfescape.st
y
Package: pdfescape 2019/12/09 v1.15 Implements pdfTeX's escape features (HO)
) (C:\Users\ACER\AppData\Local\Programs\MiKTeX\tex/latex/hycolor\hycolor.sty
Package: hycolor 2020-01-27 v1.10 Color options for hyperref/bookmark (HO)
)
(C:\Users\ACER\AppData\Local\Programs\MiKTeX\tex/latex/letltxmacro\letltxmacro.
sty
Package: letltxmacro 2019/12/03 v1.6 Let assignment for LaTeX macros (HO)
) (C:\Users\ACER\AppData\Local\Programs\MiKTeX\tex/latex/auxhook\auxhook.sty
Package: auxhook 2019-12-17 v1.6 Hooks for auxiliary files (HO)
) (C:\Users\ACER\AppData\Local\Programs\MiKTeX\tex/latex/hyperref\nameref.sty
Package: nameref 2022-05-17 v2.50 Cross-referencing by name of section

(C:\Users\ACER\AppData\Local\Programs\MiKTeX\tex/latex/refcount\refcount.sty
Package: refcount 2019/12/15 v3.6 Data extraction from label references (HO)
)
(C:\Users\ACER\AppData\Local\Programs\MiKTeX\tex/generic/gettitlestring\gettitl
estring.sty
Package: gettitlestring 2019/12/15 v1.6 Cleanup title references (HO)

(C:\Users\ACER\AppData\Local\Programs\MiKTeX\tex/latex/kvoptions\kvoptions.sty
Package: kvoptions 2022-06-15 v3.15 Key value format for package options (HO)
))
\c@section@level=\count303
)
\@linkdim=\dimen188
\Hy@linkcounter=\count304
\Hy@pagecounter=\count305
 (C:\Users\ACER\AppData\Local\Programs\MiKTeX\tex/latex/hyperref\pd1enc.def
File: pd1enc.def 2023-02-07 v7.00v Hyperref: PDFDocEncoding definition (HO)
Now handling font encoding PD1 ...
... no UTF-8 mapping file for font encoding PD1
)
(C:\Users\ACER\AppData\Local\Programs\MiKTeX\tex/generic/intcalc\intcalc.sty
Package: intcalc 2019/12/15 v1.3 Expandable calculations with integers (HO)
)
(C:\Users\ACER\AppData\Local\Programs\MiKTeX\tex/generic/etexcmds\etexcmds.sty
Package: etexcmds 2019/12/15 v1.7 Avoid name clashes with e-TeX commands (HO)
)
\Hy@SavedSpaceFactor=\count306
(C:\Users\ACER\AppData\Local\Programs\MiKTeX\tex/latex/hyperref\puenc.def
File: puenc.def 2023-02-07 v7.00v Hyperref: PDF Unicode definition (HO)
Now handling font encoding PU ...
... no UTF-8 mapping file for font encoding PU
)
Package hyperref Info: Option `final' set `true' on input line 4060.
Package hyperref Info: Hyper figures OFF on input line 4177.
Package hyperref Info: Link nesting OFF on input line 4182.
Package hyperref Info: Hyper index ON on input line 4185.
Package hyperref Info: Plain pages OFF on input line 4192.
Package hyperref Info: Backreferencing OFF on input line 4197.
Package hyperref Info: Implicit mode ON; LaTeX internals redefined.
Package hyperref Info: Bookmarks ON on input line 4425.
\c@Hy@tempcnt=\count307

(C:\Users\ACER\AppData\Local\Programs\MiKTeX\tex/latex/url\url.sty
\Urlmuskip=\muskip17
Package: url 2013/09/16  ver 3.4  Verb mode for urls, etc.
)
LaTeX Info: Redefining \url on input line 4763.
\XeTeXLinkMargin=\dimen189

(C:\Users\ACER\AppData\Local\Programs\MiKTeX\tex/generic/bitset\bitset.sty
Package: bitset 2019/12/09 v1.3 Handle bit-vector datatype (HO)

(C:\Users\ACER\AppData\Local\Programs\MiKTeX\tex/generic/bigintcalc\bigintcalc.
sty
Package: bigintcalc 2019/12/15 v1.5 Expandable calculations on big integers (HO
)
))
\Fld@menulength=\count308
\Field@Width=\dimen190
\Fld@charsize=\dimen191
Package hyperref Info: Hyper figures OFF on input line 6042.
Package hyperref Info: Link nesting OFF on input line 6047.
Package hyperref Info: Hyper index ON on input line 6050.
Package hyperref Info: backreferencing OFF on input line 6057.
Package hyperref Info: Link coloring OFF on input line 6062.
Package hyperref Info: Link coloring with OCG OFF on input line 6067.
Package hyperref Info: PDF/A mode OFF on input line 6072.

(C:\Users\ACER\AppData\Local\Programs\MiKTeX\tex/latex/base\atbegshi-ltx.sty
Package: atbegshi-ltx 2021/01/10 v1.0c Emulation of the original atbegshi
package with kernel methods
)
\Hy@abspage=\count309
\c@Item=\count310
\c@Hfootnote=\count311
)
Package hyperref Info: Driver (autodetected): hpdftex.

(C:\Users\ACER\AppData\Local\Programs\MiKTeX\tex/latex/hyperref\hpdftex.def
File: hpdftex.def 2023-02-07 v7.00v Hyperref driver for pdfTeX

(C:\Users\ACER\AppData\Local\Programs\MiKTeX\tex/latex/base\atveryend-ltx.sty
Package: atveryend-ltx 2020/08/19 v1.0a Emulation of the original atveryend pac
kage
with kernel methods
)
\Fld@listcount=\count312
\c@bookmark@seq@number=\count313

(C:\Users\ACER\AppData\Local\Programs\MiKTeX\tex/latex/rerunfilecheck\rerunfile
check.sty
Package: rerunfilecheck 2022-07-10 v1.10 Rerun checks for auxiliary files (HO)

(C:\Users\ACER\AppData\Local\Programs\MiKTeX\tex/generic/uniquecounter\uniqueco
unter.sty
Package: uniquecounter 2019/12/15 v1.4 Provide unlimited unique counter (HO)
)
Package uniquecounter Info: New unique counter `rerunfilecheck' on input line 2
85.
)
\Hy@SectionHShift=\skip117
)
(C:\Users\ACER\AppData\Local\Programs\MiKTeX\tex/latex/cleveref\cleveref.sty
Package: cleveref 2018/03/27 v0.21.4 Intelligent cross-referencing
Package cleveref Info: `hyperref' support loaded on input line 2370.
LaTeX Info: Redefining \cref on input line 2370.
LaTeX Info: Redefining \Cref on input line 2370.
LaTeX Info: Redefining \crefrange on input line 2370.
LaTeX Info: Redefining \Crefrange on input line 2370.
LaTeX Info: Redefining \cpageref on input line 2370.
LaTeX Info: Redefining \Cpageref on input line 2370.
LaTeX Info: Redefining \cpagerefrange on input line 2370.
LaTeX Info: Redefining \Cpagerefrange on input line 2370.
LaTeX Info: Redefining \labelcref on input line 2370.
LaTeX Info: Redefining \labelcpageref on input line 2370.
Package cleveref Info: `listings' support loaded on input line 3131.
))
(a1-database.hyphenate.tex)
(C:\Users\ACER\AppData\Local\Programs\MiKTeX\tex/latex/l3backend\l3backend-pdft
ex.def
File: l3backend-pdftex.def 2023-03-30 L3 backend support: PDF output (pdfTeX)
\l__color_backend_stack_int=\count314
\l__pdf_internal_box=\box67
) (proposal.aux (untouch/xx-sampul.aux) (untouch/xx-sampuldalam.aux)
(untouch/xx-persetujuan.aux) (untouch/xx-daftar.aux) (b1-bab1.aux) (b2-bab2.aux
) (b3-bab3.aux))
\openout1 = `proposal.aux'.

LaTeX Font Info:    Checking defaults for OML/cmm/m/it on input line 12.
LaTeX Font Info:    ... okay on input line 12.
LaTeX Font Info:    Checking defaults for OMS/pzccm/m/n on input line 12.
LaTeX Font Info:    Trying to load font information for OMS+pzccm on input line
 12.

(C:\Users\ACER\AppData\Local\Programs\MiKTeX\tex/latex/psnfss\omspzccm.fd
File: omspzccm.fd 2000/01/03 Fontinst v1.801 font definitions for OMS/pzccm.
)
LaTeX Font Info:    ... okay on input line 12.
LaTeX Font Info:    Checking defaults for OT1/cmr/m/n on input line 12.
LaTeX Font Info:    ... okay on input line 12.
LaTeX Font Info:    Checking defaults for T1/cmr/m/n on input line 12.
LaTeX Font Info:    ... okay on input line 12.
LaTeX Font Info:    Checking defaults for TS1/cmr/m/n on input line 12.
LaTeX Font Info:    ... okay on input line 12.
LaTeX Font Info:    Checking defaults for OMX/cmex/m/n on input line 12.
LaTeX Font Info:    ... okay on input line 12.
LaTeX Font Info:    Checking defaults for U/cmr/m/n on input line 12.
LaTeX Font Info:    ... okay on input line 12.
LaTeX Font Info:    Checking defaults for PD1/pdf/m/n on input line 12.
LaTeX Font Info:    ... okay on input line 12.
LaTeX Font Info:    Checking defaults for PU/pdf/m/n on input line 12.
LaTeX Font Info:    ... okay on input line 12.

(C:\Users\ACER\AppData\Local\Programs\MiKTeX\tex/context/base/mkii\supp-pdf.mki
i
[Loading MPS to PDF converter (version 2006.09.02).]
\scratchcounter=\count315
\scratchdimen=\dimen192
\scratchbox=\box68
\nofMPsegments=\count316
\nofMParguments=\count317
\everyMPshowfont=\toks34
\MPscratchCnt=\count318
\MPscratchDim=\dimen193
\MPnumerator=\count319
\makeMPintoPDFobject=\count320
\everyMPtoPDFconversion=\toks35
)
(C:\Users\ACER\AppData\Local\Programs\MiKTeX\tex/latex/epstopdf-pkg\epstopdf-ba
se.sty
Package: epstopdf-base 2020-01-24 v2.11 Base part for package epstopdf
Package epstopdf-base Info: Redefining graphics rule for `.eps' on input line 4
85.

(C:\Users\ACER\AppData\Local\Programs\MiKTeX\tex/latex/00miktex\epstopdf-sys.cf
g
File: epstopdf-sys.cfg 2021/03/18 v2.0 Configuration of epstopdf for MiKTeX
))
Package caption Info: Begin \AtBeginDocument code.
Package caption Info: hyperref package is loaded.
Package caption Info: listings package is loaded.
Package caption Info: longtable package is loaded.

(C:\Users\ACER\AppData\Local\Programs\MiKTeX\tex/latex/caption\ltcaption.sty
Package: ltcaption 2021/01/08 v1.4c longtable captions (AR)
)
Package caption Info: rotating package is loaded.
Package caption Info: End \AtBeginDocument code.

*geometry* driver: auto-detecting
*geometry* detected driver: pdftex
*geometry* verbose mode - [ preamble ] result:
* driver: pdftex
* paper: a4paper
* layout: <same size as paper>
* layoutoffset:(h,v)=(0.0pt,0.0pt)
* modes: 
* h-part:(L,W,R)=(113.81102pt, 398.3386pt, 85.35826pt)
* v-part:(T,H,B)=(85.35826pt, 674.33032pt, 85.35826pt)
* \paperwidth=597.50787pt
* \paperheight=845.04684pt
* \textwidth=398.3386pt
* \textheight=674.33032pt
* \oddsidemargin=41.54103pt
* \evensidemargin=41.54103pt
* \topmargin=-23.91173pt
* \headheight=12.0pt
* \headsep=25.0pt
* \topskip=12.0pt
* \footskip=30.0pt
* \marginparwidth=35.0pt
* \marginparsep=10.0pt
* \columnsep=10.0pt
* \skip\footins=10.8pt plus 4.0pt minus 2.0pt
* \hoffset=0.0pt
* \voffset=0.0pt
* \mag=1000
* \@twocolumnfalse
* \@twosidefalse
* \@mparswitchfalse
* \@reversemarginfalse
* (1in=72.27pt=25.4mm, 1cm=28.453pt)

\c@lstlisting=\count321
Package hyperref Info: Link coloring OFF on input line 12.
(proposal.out) (proposal.out)
\@outlinefile=\write3
\openout3 = `proposal.out'.

\openout2 = `untouch/xx-sampul.aux'.

 (untouch/xx-sampul.tex
<gambar/logo-uny.png, id=258, 566.115pt x 576.65437pt>
File: gambar/logo-uny.png Graphic file (type png)
<use gambar/logo-uny.png>
Package pdftex.def Info: gambar/logo-uny.png  used on input line 17.
(pdftex.def)             Requested size: 119.50279pt x 121.72571pt.
 [1


{C:/Users/ACER/AppData/Local/MiKTeX/fonts/map/pdftex/pdftex.map}{C:/Users/ACER/
AppData/Local/Programs/MiKTeX/fonts/enc/dvips/base/8r.enc} <./gambar/logo-uny.p
ng>])
\openout2 = `untouch/xx-sampuldalam.aux'.


(untouch/xx-sampuldalam.tex) [1



]
\openout2 = `untouch/xx-persetujuan.aux'.

 (untouch/xx-persetujuan.tex
LaTeX Font Info:    Trying to load font information for OT1+ptmcm on input line
 38.

(C:\Users\ACER\AppData\Local\Programs\MiKTeX\tex/latex/psnfss\ot1ptmcm.fd
File: ot1ptmcm.fd 2000/01/03 Fontinst v1.801 font definitions for OT1/ptmcm.
)
LaTeX Font Info:    Trying to load font information for OML+ptmcm on input line
 38.

(C:\Users\ACER\AppData\Local\Programs\MiKTeX\tex/latex/psnfss\omlptmcm.fd
File: omlptmcm.fd 2000/01/03 Fontinst v1.801 font definitions for OML/ptmcm.
)
LaTeX Font Info:    Trying to load font information for OMX+psycm on input line
 38.

(C:\Users\ACER\AppData\Local\Programs\MiKTeX\tex/latex/psnfss\omxpsycm.fd
File: omxpsycm.fd 2000/01/03 Fontinst v1.801 font definitions for OMX/psycm.
)
LaTeX Font Info:    Font shape `OT1/ptm/bx/n' in size <9> not available
(Font)              Font shape `OT1/ptm/b/n' tried instead on input line 38.
LaTeX Font Info:    Font shape `OT1/ptm/bx/n' in size <7> not available
(Font)              Font shape `OT1/ptm/b/n' tried instead on input line 38.
)
[2



]
\openout2 = `untouch/xx-daftar.aux'.

 (untouch/xx-daftar.tex (proposal.toc [3




])
\tf@toc=\write4
\openout4 = `proposal.toc'.

 (a6-daftarsingkatan.tex [4])
[5

] (proposal.lof)
\tf@lof=\write5
\openout5 = `proposal.lof'.

 [6

] (proposal.lot)
\tf@lot=\write6
\openout6 = `proposal.lot'.

) [7

]
\openout2 = `b1-bab1.aux'.

 (b1-bab1.tex
Bab 1.

pdfTeX warning (ext4): destination with the same identifier (name{page.1}) has 
been already used, duplicate ignored
<to be read again> 
                   \relax 
l.14 
      [1




] [2] [3] [4] [5] [6]) [7]
\openout2 = `b2-bab2.aux'.

 (b2-bab2.tex
Bab 2.
<C:/Users/ACER/Downloads/Template-LaTeX-Tugas-Akhir-Sarjana-Terapan-UNY-main/ga
mbar/Q450-quadcopter-kopen.jpg, id=502, 721.9773pt x 477.7047pt>
File: C:/Users/ACER/Downloads/Template-LaTeX-Tugas-Akhir-Sarjana-Terapan-UNY-ma
in/gambar/Q450-quadcopter-kopen.jpg Graphic file (type jpg)
<use C:/Users/ACER/Downloads/Template-LaTeX-Tugas-Akhir-Sarjana-Terapan-UNY-mai
n/gambar/Q450-quadcopter-kopen.jpg>
Package pdftex.def Info: C:/Users/ACER/Downloads/Template-LaTeX-Tugas-Akhir-Sar
jana-Terapan-UNY-main/gambar/Q450-quadcopter-kopen.jpg  used on input line 13.
(pdftex.def)             Requested size: 216.59485pt x 143.3125pt.
[8




 <C:/Users/ACER/Downloads/Template-LaTeX-Tugas-Akhir-Sarjana-Terapan-UNY-main/g
ambar/Q450-quadcopter-kopen.jpg>]

Package natbib Warning: Citation `priandana2020development' on page 9 undefined
 on input line 24.

<C:/Users/ACER/Downloads/Template-LaTeX-Tugas-Akhir-Sarjana-Terapan-UNY-main/ga
mbar/fcc.jpg, id=511, 414.04688pt x 414.04688pt>
File: C:/Users/ACER/Downloads/Template-LaTeX-Tugas-Akhir-Sarjana-Terapan-UNY-ma
in/gambar/fcc.jpg Graphic file (type jpg)
<use C:/Users/ACER/Downloads/Template-LaTeX-Tugas-Akhir-Sarjana-Terapan-UNY-mai
n/gambar/fcc.jpg>
Package pdftex.def Info: C:/Users/ACER/Downloads/Template-LaTeX-Tugas-Akhir-Sar
jana-Terapan-UNY-main/gambar/fcc.jpg  used on input line 28.
(pdftex.def)             Requested size: 124.21501pt x 124.21501pt.
[9 <C:/Users/ACER/Downloads/Template-LaTeX-Tugas-Akhir-Sarjana-Terapan-UNY-main
/gambar/fcc.jpg>]
<C:/Users/ACER/Downloads/Template-LaTeX-Tugas-Akhir-Sarjana-Terapan-UNY-main/ga
mbar/mb.jpg, id=519, 552.0625pt x 552.0625pt>
File: C:/Users/ACER/Downloads/Template-LaTeX-Tugas-Akhir-Sarjana-Terapan-UNY-ma
in/gambar/mb.jpg Graphic file (type jpg)
<use C:/Users/ACER/Downloads/Template-LaTeX-Tugas-Akhir-Sarjana-Terapan-UNY-mai
n/gambar/mb.jpg>
Package pdftex.def Info: C:/Users/ACER/Downloads/Template-LaTeX-Tugas-Akhir-Sar
jana-Terapan-UNY-main/gambar/mb.jpg  used on input line 39.
(pdftex.def)             Requested size: 165.62003pt x 165.62003pt.
 [10 <C:/Users/ACER/Downloads/Template-LaTeX-Tugas-Akhir-Sarjana-Terapan-UNY-ma
in/gambar/mb.jpg>]
<C:/Users/ACER/Downloads/Template-LaTeX-Tugas-Akhir-Sarjana-Terapan-UNY-main/ga
mbar/ubec.jpg, id=528, 702.625pt x 702.625pt>
File: C:/Users/ACER/Downloads/Template-LaTeX-Tugas-Akhir-Sarjana-Terapan-UNY-ma
in/gambar/ubec.jpg Graphic file (type jpg)
<use C:/Users/ACER/Downloads/Template-LaTeX-Tugas-Akhir-Sarjana-Terapan-UNY-mai
n/gambar/ubec.jpg>
Package pdftex.def Info: C:/Users/ACER/Downloads/Template-LaTeX-Tugas-Akhir-Sar
jana-Terapan-UNY-main/gambar/ubec.jpg  used on input line 52.
(pdftex.def)             Requested size: 210.78912pt x 210.78912pt.
<C:/Users/ACER/Downloads/Template-LaTeX-Tugas-Akhir-Sarjana-Terapan-UNY-main/ga
mbar/Propeller.jpg, id=532, 426.09187pt x 312.41719pt>
File: C:/Users/ACER/Downloads/Template-LaTeX-Tugas-Akhir-Sarjana-Terapan-UNY-ma
in/gambar/Propeller.jpg Graphic file (type jpg)
<use C:/Users/ACER/Downloads/Template-LaTeX-Tugas-Akhir-Sarjana-Terapan-UNY-mai
n/gambar/Propeller.jpg>
Package pdftex.def Info: C:/Users/ACER/Downloads/Template-LaTeX-Tugas-Akhir-Sar
jana-Terapan-UNY-main/gambar/Propeller.jpg  used on input line 62.
(pdftex.def)             Requested size: 127.82854pt x 93.72588pt.
 [11 <C:/Users/ACER/Downloads/Template-LaTeX-Tugas-Akhir-Sarjana-Terapan-UNY-ma
in/gambar/ubec.jpg>]
<C:/Users/ACER/Downloads/Template-LaTeX-Tugas-Akhir-Sarjana-Terapan-UNY-main/ga
mbar/tele.jpg, id=543, 1027.84pt x 1027.84pt>
File: C:/Users/ACER/Downloads/Template-LaTeX-Tugas-Akhir-Sarjana-Terapan-UNY-ma
in/gambar/tele.jpg Graphic file (type jpg)
<use C:/Users/ACER/Downloads/Template-LaTeX-Tugas-Akhir-Sarjana-Terapan-UNY-mai
n/gambar/tele.jpg>
Package pdftex.def Info: C:/Users/ACER/Downloads/Template-LaTeX-Tugas-Akhir-Sar
jana-Terapan-UNY-main/gambar/tele.jpg  used on input line 75.
(pdftex.def)             Requested size: 205.56436pt x 205.56436pt.
 [12 <C:/Users/ACER/Downloads/Template-LaTeX-Tugas-Akhir-Sarjana-Terapan-UNY-ma
in/gambar/Propeller.jpg>]

Package natbib Warning: Citation `wu2024enterpris' on page 13 undefined on inpu
t line 83.

<C:/Users/ACER/Downloads/Template-LaTeX-Tugas-Akhir-Sarjana-Terapan-UNY-main/ga
mbar/rc.jpg, id=550, 451.6875pt x 547.04375pt>
File: C:/Users/ACER/Downloads/Template-LaTeX-Tugas-Akhir-Sarjana-Terapan-UNY-ma
in/gambar/rc.jpg Graphic file (type jpg)
<use C:/Users/ACER/Downloads/Template-LaTeX-Tugas-Akhir-Sarjana-Terapan-UNY-mai
n/gambar/rc.jpg>
Package pdftex.def Info: C:/Users/ACER/Downloads/Template-LaTeX-Tugas-Akhir-Sar
jana-Terapan-UNY-main/gambar/rc.jpg  used on input line 87.
(pdftex.def)             Requested size: 135.5073pt x 164.11438pt.
[13 <C:/Users/ACER/Downloads/Template-LaTeX-Tugas-Akhir-Sarjana-Terapan-UNY-mai
n/gambar/tele.jpg>]
<C:/Users/ACER/Downloads/Template-LaTeX-Tugas-Akhir-Sarjana-Terapan-UNY-main/ga
mbar/fr.jpg, id=558, 224.84pt x 224.84pt>
File: C:/Users/ACER/Downloads/Template-LaTeX-Tugas-Akhir-Sarjana-Terapan-UNY-ma
in/gambar/fr.jpg Graphic file (type jpg)
<use C:/Users/ACER/Downloads/Template-LaTeX-Tugas-Akhir-Sarjana-Terapan-UNY-mai
n/gambar/fr.jpg>
Package pdftex.def Info: C:/Users/ACER/Downloads/Template-LaTeX-Tugas-Akhir-Sar
jana-Terapan-UNY-main/gambar/fr.jpg  used on input line 99.
(pdftex.def)             Requested size: 202.35413pt x 202.35413pt.
 [14 <C:/Users/ACER/Downloads/Template-LaTeX-Tugas-Akhir-Sarjana-Terapan-UNY-ma
in/gambar/rc.jpg>]
<C:/Users/ACER/Downloads/Template-LaTeX-Tugas-Akhir-Sarjana-Terapan-UNY-main/ga
mbar/gps.jpg, id=567, 1003.75pt x 845.1575pt>
File: C:/Users/ACER/Downloads/Template-LaTeX-Tugas-Akhir-Sarjana-Terapan-UNY-ma
in/gambar/gps.jpg Graphic file (type jpg)
<use C:/Users/ACER/Downloads/Template-LaTeX-Tugas-Akhir-Sarjana-Terapan-UNY-mai
n/gambar/gps.jpg>
Package pdftex.def Info: C:/Users/ACER/Downloads/Template-LaTeX-Tugas-Akhir-Sar
jana-Terapan-UNY-main/gambar/gps.jpg  used on input line 110.
(pdftex.def)             Requested size: 100.38087pt x 84.52069pt.
 [15 <C:/Users/ACER/Downloads/Template-LaTeX-Tugas-Akhir-Sarjana-Terapan-UNY-ma
in/gambar/fr.jpg> <C:/Users/ACER/Downloads/Template-LaTeX-Tugas-Akhir-Sarjana-T
erapan-UNY-main/gambar/gps.jpg>]
<C:/Users/ACER/Downloads/Template-LaTeX-Tugas-Akhir-Sarjana-Terapan-UNY-main/ga
mbar/cm.jpg, id=576, 712.6625pt x 712.6625pt>
File: C:/Users/ACER/Downloads/Template-LaTeX-Tugas-Akhir-Sarjana-Terapan-UNY-ma
in/gambar/cm.jpg Graphic file (type jpg)
<use C:/Users/ACER/Downloads/Template-LaTeX-Tugas-Akhir-Sarjana-Terapan-UNY-mai
n/gambar/cm.jpg>
Package pdftex.def Info: C:/Users/ACER/Downloads/Template-LaTeX-Tugas-Akhir-Sar
jana-Terapan-UNY-main/gambar/cm.jpg  used on input line 122.
(pdftex.def)             Requested size: 142.52997pt x 142.52997pt.
<C:/Users/ACER/Downloads/Template-LaTeX-Tugas-Akhir-Sarjana-Terapan-UNY-main/ga
mbar/bt.jpg, id=580, 1606.0pt x 1606.0pt>
File: C:/Users/ACER/Downloads/Template-LaTeX-Tugas-Akhir-Sarjana-Terapan-UNY-ma
in/gambar/bt.jpg Graphic file (type jpg)
<use C:/Users/ACER/Downloads/Template-LaTeX-Tugas-Akhir-Sarjana-Terapan-UNY-mai
n/gambar/bt.jpg>
Package pdftex.def Info: C:/Users/ACER/Downloads/Template-LaTeX-Tugas-Akhir-Sar
jana-Terapan-UNY-main/gambar/bt.jpg  used on input line 133.
(pdftex.def)             Requested size: 160.6094pt x 160.6094pt.
 [16 <C:/Users/ACER/Downloads/Template-LaTeX-Tugas-Akhir-Sarjana-Terapan-UNY-ma
in/gambar/cm.jpg>]
<C:/Users/ACER/Downloads/Template-LaTeX-Tugas-Akhir-Sarjana-Terapan-UNY-main/ga
mbar/rm.jpg, id=590, 1172.38pt x 879.285pt>
File: C:/Users/ACER/Downloads/Template-LaTeX-Tugas-Akhir-Sarjana-Terapan-UNY-ma
in/gambar/rm.jpg Graphic file (type jpg)
<use C:/Users/ACER/Downloads/Template-LaTeX-Tugas-Akhir-Sarjana-Terapan-UNY-mai
n/gambar/rm.jpg>
Package pdftex.def Info: C:/Users/ACER/Downloads/Template-LaTeX-Tugas-Akhir-Sar
jana-Terapan-UNY-main/gambar/rm.jpg  used on input line 148.
(pdftex.def)             Requested size: 234.47185pt x 175.85388pt.
 [17 <C:/Users/ACER/Downloads/Template-LaTeX-Tugas-Akhir-Sarjana-Terapan-UNY-ma
in/gambar/bt.jpg>]
<C:/Users/ACER/Downloads/Template-LaTeX-Tugas-Akhir-Sarjana-Terapan-UNY-main/ga
mbar/er.jpg, id=600, 722.7pt x 722.7pt>
File: C:/Users/ACER/Downloads/Template-LaTeX-Tugas-Akhir-Sarjana-Terapan-UNY-ma
in/gambar/er.jpg Graphic file (type jpg)
<use C:/Users/ACER/Downloads/Template-LaTeX-Tugas-Akhir-Sarjana-Terapan-UNY-mai
n/gambar/er.jpg>
Package pdftex.def Info: C:/Users/ACER/Downloads/Template-LaTeX-Tugas-Akhir-Sar
jana-Terapan-UNY-main/gambar/er.jpg  used on input line 160.
(pdftex.def)             Requested size: 216.81166pt x 216.81166pt.
 [18 <C:/Users/ACER/Downloads/Template-LaTeX-Tugas-Akhir-Sarjana-Terapan-UNY-ma
in/gambar/rm.jpg>]
<C:/Users/ACER/Downloads/Template-LaTeX-Tugas-Akhir-Sarjana-Terapan-UNY-main/ga
mbar/p.jpg, id=607, 639.89063pt x 423.83344pt>
File: C:/Users/ACER/Downloads/Template-LaTeX-Tugas-Akhir-Sarjana-Terapan-UNY-ma
in/gambar/p.jpg Graphic file (type jpg)
<use C:/Users/ACER/Downloads/Template-LaTeX-Tugas-Akhir-Sarjana-Terapan-UNY-mai
n/gambar/p.jpg>
Package pdftex.def Info: C:/Users/ACER/Downloads/Template-LaTeX-Tugas-Akhir-Sar
jana-Terapan-UNY-main/gambar/p.jpg  used on input line 173.
(pdftex.def)             Requested size: 319.94452pt x 211.91618pt.
 [19 <C:/Users/ACER/Downloads/Template-LaTeX-Tugas-Akhir-Sarjana-Terapan-UNY-ma
in/gambar/er.jpg>]
<C:/Users/ACER/Downloads/Template-LaTeX-Tugas-Akhir-Sarjana-Terapan-UNY-main/ga
mbar/6.png, id=615, 707.64375pt x 593.21625pt>
File: C:/Users/ACER/Downloads/Template-LaTeX-Tugas-Akhir-Sarjana-Terapan-UNY-ma
in/gambar/6.png Graphic file (type png)
<use C:/Users/ACER/Downloads/Template-LaTeX-Tugas-Akhir-Sarjana-Terapan-UNY-mai
n/gambar/6.png>
Package pdftex.def Info: C:/Users/ACER/Downloads/Template-LaTeX-Tugas-Akhir-Sar
jana-Terapan-UNY-main/gambar/6.png  used on input line 184.
(pdftex.def)             Requested size: 212.29475pt x 177.96625pt.
 [20 <C:/Users/ACER/Downloads/Template-LaTeX-Tugas-Akhir-Sarjana-Terapan-UNY-ma
in/gambar/p.jpg> <C:/Users/ACER/Downloads/Template-LaTeX-Tugas-Akhir-Sarjana-Te
rapan-UNY-main/gambar/6.png>]
<C:/Users/ACER/Downloads/Template-LaTeX-Tugas-Akhir-Sarjana-Terapan-UNY-main/ga
mbar/09_pitch-300x300.png, id=625, 301.125pt x 301.125pt>
File: C:/Users/ACER/Downloads/Template-LaTeX-Tugas-Akhir-Sarjana-Terapan-UNY-ma
in/gambar/09_pitch-300x300.png Graphic file (type png)
<use C:/Users/ACER/Downloads/Template-LaTeX-Tugas-Akhir-Sarjana-Terapan-UNY-mai
n/gambar/09_pitch-300x300.png>
Package pdftex.def Info: C:/Users/ACER/Downloads/Template-LaTeX-Tugas-Akhir-Sar
jana-Terapan-UNY-main/gambar/09_pitch-300x300.png  used on input line 194.
(pdftex.def)             Requested size: 150.56212pt x 150.56212pt.
<C:/Users/ACER/Downloads/Template-LaTeX-Tugas-Akhir-Sarjana-Terapan-UNY-main/ga
mbar/5.png, id=629, 707.64375pt x 593.21625pt>
File: C:/Users/ACER/Downloads/Template-LaTeX-Tugas-Akhir-Sarjana-Terapan-UNY-ma
in/gambar/5.png Graphic file (type png)
<use C:/Users/ACER/Downloads/Template-LaTeX-Tugas-Akhir-Sarjana-Terapan-UNY-mai
n/gambar/5.png>
Package pdftex.def Info: C:/Users/ACER/Downloads/Template-LaTeX-Tugas-Akhir-Sar
jana-Terapan-UNY-main/gambar/5.png  used on input line 204.
(pdftex.def)             Requested size: 212.29475pt x 177.96625pt.
 [21 <C:/Users/ACER/Downloads/Template-LaTeX-Tugas-Akhir-Sarjana-Terapan-UNY-ma
in/gambar/09_pitch-300x300.png>]
<C:/Users/ACER/Downloads/Template-LaTeX-Tugas-Akhir-Sarjana-Terapan-UNY-main/ga
mbar/10_roll-300x300.png, id=638, 301.125pt x 301.125pt>
File: C:/Users/ACER/Downloads/Template-LaTeX-Tugas-Akhir-Sarjana-Terapan-UNY-ma
in/gambar/10_roll-300x300.png Graphic file (type png)
<use C:/Users/ACER/Downloads/Template-LaTeX-Tugas-Akhir-Sarjana-Terapan-UNY-mai
n/gambar/10_roll-300x300.png>
Package pdftex.def Info: C:/Users/ACER/Downloads/Template-LaTeX-Tugas-Akhir-Sar
jana-Terapan-UNY-main/gambar/10_roll-300x300.png  used on input line 215.
(pdftex.def)             Requested size: 150.56212pt x 150.56212pt.
 [22 <C:/Users/ACER/Downloads/Template-LaTeX-Tugas-Akhir-Sarjana-Terapan-UNY-ma
in/gambar/5.png> <C:/Users/ACER/Downloads/Template-LaTeX-Tugas-Akhir-Sarjana-Te
rapan-UNY-main/gambar/10_roll-300x300.png>] [23]
<C:/Users/ACER/Downloads/Template-LaTeX-Tugas-Akhir-Sarjana-Terapan-UNY-main/ga
mbar/12.png, id=657, 340.27126pt x 421.575pt>
File: C:/Users/ACER/Downloads/Template-LaTeX-Tugas-Akhir-Sarjana-Terapan-UNY-ma
in/gambar/12.png Graphic file (type png)
<use C:/Users/ACER/Downloads/Template-LaTeX-Tugas-Akhir-Sarjana-Terapan-UNY-mai
n/gambar/12.png>
Package pdftex.def Info: C:/Users/ACER/Downloads/Template-LaTeX-Tugas-Akhir-Sar
jana-Terapan-UNY-main/gambar/12.png  used on input line 231.
(pdftex.def)             Requested size: 170.13521pt x 210.78697pt.
 [24 <C:/Users/ACER/Downloads/Template-LaTeX-Tugas-Akhir-Sarjana-Terapan-UNY-ma
in/gambar/12.png>]
<C:/Users/ACER/Downloads/Template-LaTeX-Tugas-Akhir-Sarjana-Terapan-UNY-main/ga
mbar/im.jpg, id=667, 770.88pt x 335.2525pt>
File: C:/Users/ACER/Downloads/Template-LaTeX-Tugas-Akhir-Sarjana-Terapan-UNY-ma
in/gambar/im.jpg Graphic file (type jpg)
<use C:/Users/ACER/Downloads/Template-LaTeX-Tugas-Akhir-Sarjana-Terapan-UNY-mai
n/gambar/im.jpg>
Package pdftex.def Info: C:/Users/ACER/Downloads/Template-LaTeX-Tugas-Akhir-Sar
jana-Terapan-UNY-main/gambar/im.jpg  used on input line 241.
(pdftex.def)             Requested size: 231.26578pt x 100.57652pt.
<C:/Users/ACER/Downloads/Template-LaTeX-Tugas-Akhir-Sarjana-Terapan-UNY-main/ga
mbar/pid.jpg, id=671, 805.0075pt x 370.38374pt>
File: C:/Users/ACER/Downloads/Template-LaTeX-Tugas-Akhir-Sarjana-Terapan-UNY-ma
in/gambar/pid.jpg Graphic file (type jpg)
<use C:/Users/ACER/Downloads/Template-LaTeX-Tugas-Akhir-Sarjana-Terapan-UNY-mai
n/gambar/pid.jpg>
Package pdftex.def Info: C:/Users/ACER/Downloads/Template-LaTeX-Tugas-Akhir-Sar
jana-Terapan-UNY-main/gambar/pid.jpg  used on input line 252.
(pdftex.def)             Requested size: 402.50278pt x 185.1914pt.

Overfull \hbox (4.16418pt too wide) in paragraph at lines 252--253
 [][] 
 []

[25 <C:/Users/ACER/Downloads/Template-LaTeX-Tugas-Akhir-Sarjana-Terapan-UNY-mai
n/gambar/im.jpg>]
<C:/Users/ACER/Downloads/Template-LaTeX-Tugas-Akhir-Sarjana-Terapan-UNY-main/ga
mbar/d.jpg, id=682, 289.08pt x 175.65625pt>
File: C:/Users/ACER/Downloads/Template-LaTeX-Tugas-Akhir-Sarjana-Terapan-UNY-ma
in/gambar/d.jpg Graphic file (type jpg)
<use C:/Users/ACER/Downloads/Template-LaTeX-Tugas-Akhir-Sarjana-Terapan-UNY-mai
n/gambar/d.jpg>
Package pdftex.def Info: C:/Users/ACER/Downloads/Template-LaTeX-Tugas-Akhir-Sar
jana-Terapan-UNY-main/gambar/d.jpg  used on input line 266.
(pdftex.def)             Requested size: 260.16959pt x 158.08914pt.
 [26 <C:/Users/ACER/Downloads/Template-LaTeX-Tugas-Akhir-Sarjana-Terapan-UNY-ma
in/gambar/pid.jpg>]) [27 <C:/Users/ACER/Downloads/Template-LaTeX-Tugas-Akhir-Sa
rjana-Terapan-UNY-main/gambar/d.jpg>]
\openout2 = `b3-bab3.aux'.

 (b3-bab3.tex
Bab 3.
[28




]
<C:/Users/ACER/Downloads/Template-LaTeX-Tugas-Akhir-Sarjana-Terapan-UNY-main/ga
mbar/al.jpeg, id=702, 478.78876pt x 334.24875pt>
File: C:/Users/ACER/Downloads/Template-LaTeX-Tugas-Akhir-Sarjana-Terapan-UNY-ma
in/gambar/al.jpeg Graphic file (type jpg)
<use C:/Users/ACER/Downloads/Template-LaTeX-Tugas-Akhir-Sarjana-Terapan-UNY-mai
n/gambar/al.jpeg>
Package pdftex.def Info: C:/Users/ACER/Downloads/Template-LaTeX-Tugas-Akhir-Sar
jana-Terapan-UNY-main/gambar/al.jpeg  used on input line 19.
(pdftex.def)             Requested size: 383.03152pt x 267.39935pt.
 [29 <C:/Users/ACER/Downloads/Template-LaTeX-Tugas-Akhir-Sarjana-Terapan-UNY-ma
in/gambar/al.jpeg>] [30] [31] [32] [33]
<C:/Users/ACER/Downloads/Template-LaTeX-Tugas-Akhir-Sarjana-Terapan-UNY-main/ga
mbar/desain.jpg, id=726, 455.45157pt x 285.31593pt>
File: C:/Users/ACER/Downloads/Template-LaTeX-Tugas-Akhir-Sarjana-Terapan-UNY-ma
in/gambar/desain.jpg Graphic file (type jpg)
<use C:/Users/ACER/Downloads/Template-LaTeX-Tugas-Akhir-Sarjana-Terapan-UNY-mai
n/gambar/desain.jpg>
Package pdftex.def Info: C:/Users/ACER/Downloads/Template-LaTeX-Tugas-Akhir-Sar
jana-Terapan-UNY-main/gambar/desain.jpg  used on input line 95.
(pdftex.def)             Requested size: 182.1774pt x 114.12434pt.
 [34]
<C:/Users/ACER/Downloads/Template-LaTeX-Tugas-Akhir-Sarjana-Terapan-UNY-main/ga
mbar/ds.png, id=732, 649.67719pt x 396.7322pt>
File: C:/Users/ACER/Downloads/Template-LaTeX-Tugas-Akhir-Sarjana-Terapan-UNY-ma
in/gambar/ds.png Graphic file (type png)
<use C:/Users/ACER/Downloads/Template-LaTeX-Tugas-Akhir-Sarjana-Terapan-UNY-mai
n/gambar/ds.png>
Package pdftex.def Info: C:/Users/ACER/Downloads/Template-LaTeX-Tugas-Akhir-Sar
jana-Terapan-UNY-main/gambar/ds.png  used on input line 107.
(pdftex.def)             Requested size: 389.80931pt x 238.04114pt.
 [35 <C:/Users/ACER/Downloads/Template-LaTeX-Tugas-Akhir-Sarjana-Terapan-UNY-ma
in/gambar/desain.jpg>]
<C:/Users/ACER/Downloads/Template-LaTeX-Tugas-Akhir-Sarjana-Terapan-UNY-main/ga
mbar/lan.jpg, id=739, 228.10219pt x 207.02344pt>
File: C:/Users/ACER/Downloads/Template-LaTeX-Tugas-Akhir-Sarjana-Terapan-UNY-ma
in/gambar/lan.jpg Graphic file (type jpg)
<use C:/Users/ACER/Downloads/Template-LaTeX-Tugas-Akhir-Sarjana-Terapan-UNY-mai
n/gambar/lan.jpg>
Package pdftex.def Info: C:/Users/ACER/Downloads/Template-LaTeX-Tugas-Akhir-Sar
jana-Terapan-UNY-main/gambar/lan.jpg  used on input line 118.
(pdftex.def)             Requested size: 114.0508pt x 103.51146pt.
 [36 <C:/Users/ACER/Downloads/Template-LaTeX-Tugas-Akhir-Sarjana-Terapan-UNY-ma
in/gambar/ds.png> <C:/Users/ACER/Downloads/Template-LaTeX-Tugas-Akhir-Sarjana-T
erapan-UNY-main/gambar/lan.jpg>]
<C:/Users/ACER/Downloads/Template-LaTeX-Tugas-Akhir-Sarjana-Terapan-UNY-main/ga
mbar/Sistem YOLO.jpeg, id=748, 225.84375pt x 688.37175pt>
File: C:/Users/ACER/Downloads/Template-LaTeX-Tugas-Akhir-Sarjana-Terapan-UNY-ma
in/gambar/Sistem YOLO.jpeg Graphic file (type jpg)
<use C:/Users/ACER/Downloads/Template-LaTeX-Tugas-Akhir-Sarjana-Terapan-UNY-mai
n/gambar/Sistem YOLO.jpeg>
Package pdftex.def Info: C:/Users/ACER/Downloads/Template-LaTeX-Tugas-Akhir-Sar
jana-Terapan-UNY-main/gambar/Sistem YOLO.jpeg  used on input line 130.
(pdftex.def)             Requested size: 180.67523pt x 550.69814pt.
 [37] [38 <C:/Users/ACER/Downloads/Template-LaTeX-Tugas-Akhir-Sarjana-Terapan-U
NY-main/gambar/Sistem YOLO.jpeg>] [39] [40]) [41]
(untouch/xx-daftarpustaka.tex (proposal.bbl [42




] [43] [44]))

Package caption Warning: Unused \captionsetup[lstlisting] on input line 75.
See the caption package documentation for explanation.


Package natbib Warning: There were undefined citations.

[45] (proposal.aux (untouch/xx-sampul.aux) (untouch/xx-sampuldalam.aux)
(untouch/xx-persetujuan.aux) (untouch/xx-daftar.aux) (b1-bab1.aux) (b2-bab2.aux
) (b3-bab3.aux))
Package rerunfilecheck Info: File `proposal.out' has not changed.
(rerunfilecheck)             Checksum: E07C9A118B005308B886AD2E42A66B34;8752.
 ) 
Here is how much of TeX's memory you used:
 18680 strings out of 476331
 344923 string characters out of 5788236
 1865660 words of memory out of 5000000
 38578 multiletter control sequences out of 15000+600000
 537271 words of font info for 72 fonts, out of 8000000 for 9000
 1143 hyphenation exceptions out of 8191
 80i,8n,79p,1460b,1025s stack positions out of 10000i,1000n,20000p,200000b,200000s
<C:/Users/ACER/AppData/Local/Programs/MiKTeX/fonts/type1/urw/times/utmb8a.pfb
><C:/Users/ACER/AppData/Local/Programs/MiKTeX/fonts/type1/urw/times/utmbi8a.pfb
><C:/Users/ACER/AppData/Local/Programs/MiKTeX/fonts/type1/urw/times/utmr8a.pfb>
<C:/Users/ACER/AppData/Local/Programs/MiKTeX/fonts/type1/urw/times/utmri8a.pfb>

Output written on proposal.pdf (53 pages, 2241864 bytes).
PDF statistics:
 861 PDF objects out of 1000 (max. 8388607)
 187 named destinations out of 1000 (max. 500000)
 653 words of extra memory for PDF output out of 10000 (max. 10000000)

